#
# A fatal error has been detected by the Java Runtime Environment:
#
#  EXCEPTION_ACCESS_VIOLATION (0xc0000005) at pc=0x000000005befe023, pid=6796, tid=0x0000000000002980
#
# JRE version: Java(TM) SE Runtime Environment (8.0_191-b12) (build 1.8.0_191-b12)
# Java VM: Java HotSpot(TM) 64-Bit Server VM (25.191-b12 mixed mode windows-amd64 compressed oops)
# Problematic frame:
# V  [jvm.dll+0xfe023]
#
# Failed to write core dump. Minidumps are not enabled by default on client versions of Windows
#
# If you would like to submit a bug report, please visit:
#   http://bugreport.java.com/bugreport/crash.jsp
#

---------------  T H R E A D  ---------------

Current thread (0x0000000017897000):  VMThread [stack: 0x0000000018920000,0x0000000018a20000] [id=10624]

siginfo: ExceptionCode=0xc0000005, reading address 0xffffffffffffffff

Registers:
RAX=0x000000000000003b, RBX=0x0000000018a1f160, RCX=0x0000000018a1f160, RDX=0xffffffffffffff7b
RSP=0x0000000018a1ef10, RBP=0x0000000018a1ef80, RSI=0x0000000018a1f160, RDI=0x00000000000000a1
R8 =0x000000000000003b, R9 =0x00000000177a54a0, R10=0x03fffffffffffffd, R11=0x0000000017499698
R12=0x0000000000000000, R13=0x000000005befe000, R14=0x0000000000000078, R15=0x0000000000000001
RIP=0x000000005befe023, EFLAGS=0x0000000000010a03

Top of Stack: (sp=0x0000000018a1ef10)
0x0000000018a1ef10:   0000000018a1f160 0000000018a1ef80
0x0000000018a1ef20:   0000000000000078 000000005bd738a8
0x0000000018a1ef30:   0000000018a1f160 000000005beffe09
0x0000000018a1ef40:   0000000018a103ff 0000000018a1f160
0x0000000018a1ef50:   0000000018a1f160 000000005beff8e6
0x0000000018a1ef60:   0000000018a1efd0 0000000018a1efc9
0x0000000018a1ef70:   00000000ffffffc4 000000005beff8e6
0x0000000018a1ef80:   00000000000003d8 00000000177a57d8
0x0000000018a1ef90:   0000000000000000 00000000000000a1
0x0000000018a1efa0:   0000000017897000 000000005bf00894
0x0000000018a1efb0:   0000000018a1f160 0000000000000000
0x0000000018a1efc0:   0000000000000078 0000000000000077
0x0000000018a1efd0:   0000000017499700 0000000017897000
0x0000000018a1efe0:   0000007b00000078 000000a100000088
0x0000000018a1eff0:   0000000000000000 00000000000000a1
0x0000000018a1f000:   0000000000000003 00000000000003d8 

Instructions: (pc=0x000000005befe023)
0x000000005befe003:   83 ec 20 4c 8b 89 90 00 00 00 48 63 d2 48 8b d9
0x000000005befe013:   0f b6 c2 4c 8b d2 24 3f 49 c1 ea 06 44 0f b6 c0
0x000000005befe023:   4b 8b 04 d1 4c 0f a3 c0 72 0f 48 83 c1 70 41 b0
0x000000005befe033:   01 e8 c7 85 17 00 ff 43 6c 48 83 c4 20 5b c3 cc 


Register to memory mapping:

RAX=0x000000000000003b is an unknown value
RBX=0x0000000018a1f160 is an unknown value
RCX=0x0000000018a1f160 is an unknown value
RDX=0xffffffffffffff7b is an unknown value
RSP=0x0000000018a1ef10 is an unknown value
RBP=0x0000000018a1ef80 is an unknown value
RSI=0x0000000018a1f160 is an unknown value
RDI=0x00000000000000a1 is an unknown value
R8 =0x000000000000003b is an unknown value
R9 =0x00000000177a54a0 is an unknown value
R10=0x03fffffffffffffd is an unknown value
R11=0x0000000017499698 is pointing into metadata
R12=0x0000000000000000 is an unknown value
R13=0x000000005befe000 is an unknown value
R14=0x0000000000000078 is an unknown value
R15=0x0000000000000001 is an unknown value


Stack: [0x0000000018920000,0x0000000018a20000],  sp=0x0000000018a1ef10,  free space=1019k
Native frames: (J=compiled Java code, j=interpreted, Vv=VM code, C=native code)
V  [jvm.dll+0xfe023]
V  [jvm.dll+0xffe09]
V  [jvm.dll+0x100894]
V  [jvm.dll+0x103c74]
V  [jvm.dll+0xc525e]
V  [jvm.dll+0xc58e8]
V  [jvm.dll+0xc5a1a]
V  [jvm.dll+0xc5c18]
V  [jvm.dll+0x10fbba]
V  [jvm.dll+0x12d43f]
V  [jvm.dll+0x1bf3cf]
V  [jvm.dll+0x24d0c7]
V  [jvm.dll+0x24c366]
V  [jvm.dll+0x24c801]
V  [jvm.dll+0x24ca1e]
V  [jvm.dll+0x29eb9a]
C  [msvcr100.dll+0x21d9f]
C  [msvcr100.dll+0x21e3b]
C  [KERNEL32.DLL+0x13034]
C  [ntdll.dll+0x71461]

VM_Operation (0x000000001946ef80): GetOrSetLocal, mode: safepoint, requested by thread 0x00000000178d7800


---------------  P R O C E S S  ---------------

Java Threads: ( => current thread )
  0x000000001a43b000 JavaThread "ReaderThread" [_thread_in_native, id=328, stack(0x000000001a770000,0x000000001a870000)]
  0x000000001979e000 JavaThread "Service Thread" daemon [_thread_blocked, id=4316, stack(0x0000000019d70000,0x0000000019e70000)]
  0x0000000019788000 JavaThread "C1 CompilerThread2" daemon [_thread_blocked, id=3616, stack(0x0000000019c70000,0x0000000019d70000)]
  0x0000000019787000 JavaThread "C2 CompilerThread1" daemon [_thread_blocked, id=11156, stack(0x0000000019b70000,0x0000000019c70000)]
  0x000000001987e000 JavaThread "C2 CompilerThread0" daemon [_thread_blocked, id=2480, stack(0x0000000019a70000,0x0000000019b70000)]
  0x00000000178f4000 JavaThread "JDWP Command Reader" daemon [_thread_in_native, id=4148, stack(0x0000000019570000,0x0000000019670000)]
  0x00000000178e9000 JavaThread "JDWP Event Helper Thread" daemon [_thread_blocked, id=5084, stack(0x0000000019470000,0x0000000019570000)]
  0x00000000178d7800 JavaThread "JDWP Transport Listener: dt_socket" daemon [_thread_blocked, id=7752, stack(0x0000000019370000,0x0000000019470000)]
  0x00000000178d1800 JavaThread "Attach Listener" daemon [_thread_blocked, id=7404, stack(0x0000000018e30000,0x0000000018f30000)]
  0x00000000178d0000 JavaThread "Signal Dispatcher" daemon [_thread_blocked, id=8640, stack(0x0000000018d30000,0x0000000018e30000)]
  0x00000000178ba800 JavaThread "Finalizer" daemon [_thread_blocked, id=6912, stack(0x0000000018b20000,0x0000000018c20000)]
  0x0000000002d75000 JavaThread "Reference Handler" daemon [_thread_blocked, id=7328, stack(0x0000000018a20000,0x0000000018b20000)]
  0x0000000002c83000 JavaThread "main" [_thread_blocked, id=4088, stack(0x00000000029e0000,0x0000000002ae0000)]

Other Threads:
=>0x0000000017897000 VMThread [stack: 0x0000000018920000,0x0000000018a20000] [id=10624]
  0x0000000019874800 WatcherThread [stack: 0x0000000019e70000,0x0000000019f70000] [id=8280]

VM state:at safepoint (normal execution)

VM Mutex/Monitor currently owned by a thread:  ([mutex/lock_event])
[0x000000000299e440] Threads_lock - owner thread: 0x0000000017897000

Heap:
 PSYoungGen      total 38400K, used 10686K [0x00000000d5d80000, 0x00000000d8800000, 0x0000000100000000)
  eden space 33280K, 19% used [0x00000000d5d80000,0x00000000d63f31b8,0x00000000d7e00000)
  from space 5120K, 79% used [0x00000000d7e00000,0x00000000d81fc950,0x00000000d8300000)
  to   space 5120K, 0% used [0x00000000d8300000,0x00000000d8300000,0x00000000d8800000)
 ParOldGen       total 87552K, used 16K [0x0000000081800000, 0x0000000086d80000, 0x00000000d5d80000)
  object space 87552K, 0% used [0x0000000081800000,0x0000000081804000,0x0000000086d80000)
 Metaspace       used 9548K, capacity 10280K, committed 10624K, reserved 1058816K
  class space    used 1155K, capacity 1312K, committed 1408K, reserved 1048576K

Card table byte_map: [0x0000000012140000,0x0000000012540000] byte_map_base: 0x0000000011d34000

Marking Bits: (ParMarkBitMap*) 0x000000005c623e30
 Begin Bits: [0x0000000012bf0000, 0x0000000014b90000)
 End Bits:   [0x0000000014b90000, 0x0000000016b30000)

Polling page: 0x0000000000e00000

CodeCache: size=245760Kb used=4901Kb max_used=4975Kb free=240858Kb
 bounds [0x0000000002d80000, 0x0000000003270000, 0x0000000011d80000]
 total_blobs=1525 nmethods=1206 adapters=240
 compilation: enabled

Compilation events (10 events):
Event: 1.615 Thread 0x000000001987e000 nmethod 1170 0x0000000003227d50 code [0x0000000003227f00, 0x0000000003229138]
Event: 2.428 Thread 0x0000000019787000 nmethod 805 0x000000000323d2d0 code [0x000000000323e140, 0x00000000032507a8]
Event: 3002.663 Thread 0x000000001987e000 1203       4       org.eclipse.jdt.launching.internal.org.objectweb.asm.ByteVector::<init> (13 bytes)
Event: 3002.674 Thread 0x000000001987e000 nmethod 1203 0x0000000003226250 code [0x00000000032263a0, 0x00000000032264b8]
Event: 3078.648 Thread 0x0000000019788000 1204       3       org.eclipse.jdt.launching.internal.org.objectweb.asm.AnnotationWriter::<init> (60 bytes)
Event: 3078.648 Thread 0x0000000019788000 nmethod 1204 0x0000000003225c50 code [0x0000000003225dc0, 0x0000000003226108]
Event: 3078.649 Thread 0x0000000019788000 1205       3       org.eclipse.jdt.launching.internal.org.objectweb.asm.AnnotationVisitor::<init> (7 bytes)
Event: 3078.659 Thread 0x0000000019788000 nmethod 1205 0x0000000003225590 code [0x0000000003225720, 0x0000000003225aa8]
Event: 3078.659 Thread 0x0000000019788000 1206       3       org.eclipse.jdt.launching.internal.org.objectweb.asm.AnnotationVisitor::<init> (35 bytes)
Event: 3078.660 Thread 0x0000000019788000 nmethod 1206 0x0000000003227750 code [0x00000000032278e0, 0x0000000003227c08]

GC Heap History (2 events):
Event: 1.350 GC heap before
{Heap before GC invocations=1 (full 0):
 PSYoungGen      total 38400K, used 33280K [0x00000000d5d80000, 0x00000000d8800000, 0x0000000100000000)
  eden space 33280K, 100% used [0x00000000d5d80000,0x00000000d7e00000,0x00000000d7e00000)
  from space 5120K, 0% used [0x00000000d8300000,0x00000000d8300000,0x00000000d8800000)
  to   space 5120K, 0% used [0x00000000d7e00000,0x00000000d7e00000,0x00000000d8300000)
 ParOldGen       total 87552K, used 0K [0x0000000081800000, 0x0000000086d80000, 0x00000000d5d80000)
  object space 87552K, 0% used [0x0000000081800000,0x0000000081800000,0x0000000086d80000)
 Metaspace       used 8945K, capacity 9472K, committed 9728K, reserved 1058816K
  class space    used 1064K, capacity 1188K, committed 1280K, reserved 1048576K
Event: 1.357 GC heap after
Heap after GC invocations=1 (full 0):
 PSYoungGen      total 38400K, used 4082K [0x00000000d5d80000, 0x00000000d8800000, 0x0000000100000000)
  eden space 33280K, 0% used [0x00000000d5d80000,0x00000000d5d80000,0x00000000d7e00000)
  from space 5120K, 79% used [0x00000000d7e00000,0x00000000d81fc950,0x00000000d8300000)
  to   space 5120K, 0% used [0x00000000d8300000,0x00000000d8300000,0x00000000d8800000)
 ParOldGen       total 87552K, used 16K [0x0000000081800000, 0x0000000086d80000, 0x00000000d5d80000)
  object space 87552K, 0% used [0x0000000081800000,0x0000000081804000,0x0000000086d80000)
 Metaspace       used 8945K, capacity 9472K, committed 9728K, reserved 1058816K
  class space    used 1064K, capacity 1188K, committed 1280K, reserved 1048576K
}

Deoptimization events (9 events):
Event: 0.888 Thread 0x0000000002c83000 Uncommon trap: reason=unstable_if action=reinterpret pc=0x0000000002f06420 method=org.eclipse.jdt.launching.internal.org.objectweb.asm.ClassReader.readUTF(II[C)Ljava/lang/String; @ 41
Event: 0.888 Thread 0x0000000002c83000 Uncommon trap: reason=unstable_if action=reinterpret pc=0x0000000003039c64 method=org.eclipse.jdt.launching.internal.org.objectweb.asm.ByteVector.putUTF8(Ljava/lang/String;)Lorg/eclipse/jdt/launching/internal/org/objectweb/asm/ByteVector; @ 98
Event: 0.888 Thread 0x0000000002c83000 Uncommon trap: reason=unstable_if action=reinterpret pc=0x0000000002f1f3ac method=org.eclipse.jdt.launching.internal.org.objectweb.asm.ByteVector.putUTF8(Ljava/lang/String;)Lorg/eclipse/jdt/launching/internal/org/objectweb/asm/ByteVector; @ 98
Event: 1.129 Thread 0x0000000002c83000 Uncommon trap: reason=unstable_if action=reinterpret pc=0x00000000030d13c4 method=java.util.HashMap.getNode(ILjava/lang/Object;)Ljava/util/HashMap$Node; @ 62
Event: 1.129 Thread 0x0000000002c83000 Uncommon trap: reason=unstable_if action=reinterpret pc=0x000000000306e464 method=java.util.HashMap.putVal(ILjava/lang/Object;Ljava/lang/Object;ZZ)Ljava/lang/Object; @ 94
Event: 1.146 Thread 0x0000000002c83000 Uncommon trap: reason=unstable_if action=reinterpret pc=0x00000000030ec4ec method=java.util.HashMap.getNode(ILjava/lang/Object;)Ljava/util/HashMap$Node; @ 129
Event: 1.359 Thread 0x0000000002c83000 Uncommon trap: reason=unstable_if action=reinterpret pc=0x0000000003087214 method=java.lang.ref.SoftReference.get()Ljava/lang/Object; @ 17
Event: 1.395 Thread 0x0000000002c83000 Uncommon trap: reason=unstable_if action=reinterpret pc=0x0000000003144018 method=org.eclipse.jdt.launching.internal.org.objectweb.asm.ByteVector.putInt(I)Lorg/eclipse/jdt/launching/internal/org/objectweb/asm/ByteVector; @ 13
Event: 1.422 Thread 0x0000000002c83000 Uncommon trap: reason=unstable_if action=reinterpret pc=0x000000000319a074 method=jdk.internal.org.objectweb.asm.Type.getArgumentsAndReturnSizes(Ljava/lang/String;)I @ 88

Classes redefined (3 events):
Event: 3002.673 Thread 0x0000000017897000 redefined class name=game.test.TestMaster, count=1
Event: 3078.658 Thread 0x0000000017897000 redefined class name=game.test.TestMaster, count=2
Event: 3113.057 Thread 0x0000000017897000 redefined class name=game.test.TestMaster, count=3

Internal exceptions (10 events):
Event: 0.716 Thread 0x0000000002c83000 Exception <a 'java/security/PrivilegedActionException'> (0x00000000d6a05858) thrown at [C:\re\workspace\8-2-build-windows-amd64-cygwin\jdk8u191\11896\hotspot\src\share\vm\prims\jvm.cpp, line 1435]
Event: 0.717 Thread 0x0000000002c83000 Exception <a 'java/security/PrivilegedActionException'> (0x00000000d6a096b0) thrown at [C:\re\workspace\8-2-build-windows-amd64-cygwin\jdk8u191\11896\hotspot\src\share\vm\prims\jvm.cpp, line 1435]
Event: 0.717 Thread 0x0000000002c83000 Exception <a 'java/security/PrivilegedActionException'> (0x00000000d6a09aa8) thrown at [C:\re\workspace\8-2-build-windows-amd64-cygwin\jdk8u191\11896\hotspot\src\share\vm\prims\jvm.cpp, line 1435]
Event: 1.002 Thread 0x0000000002c83000 Exception <a 'java/lang/NoSuchMethodError': java.lang.Object.lambda$or$2(Ljava/util/function/Predicate;Ljava/lang/Object;)Z> (0x00000000d724f848) thrown at [C:\re\workspace\8-2-build-windows-amd64-cygwin\jdk8u191\11896\hotspot\src\share\vm\interpreter\lin
Event: 1.088 Thread 0x0000000002c83000 Exception <a 'java/lang/IncompatibleClassChangeError': Found class java.lang.Object, but interface was expected> (0x00000000d74dea40) thrown at [C:\re\workspace\8-2-build-windows-amd64-cygwin\jdk8u191\11896\hotspot\src\share\vm\interpreter\linkResolver.cp
Event: 1.163 Thread 0x0000000002c83000 Exception <a 'java/lang/NoSuchMethodError': java.lang.Object.lambda$andThen$1(Ljava/util/function/Function;Ljava/lang/Object;)Ljava/lang/Object;> (0x00000000d7778578) thrown at [C:\re\workspace\8-2-build-windows-amd64-cygwin\jdk8u191\11896\hotspot\src\sha
Event: 1.225 Thread 0x0000000002c83000 Exception <a 'java/lang/NoSuchMethodError': java.lang.Object.lambda$accept$0(Lorg/junit/platform/engine/TestDescriptor$Visitor;Lorg/junit/platform/engine/TestDescriptor;)V> (0x00000000d78f3160) thrown at [C:\re\workspace\8-2-build-windows-amd64-cygwin\jdk
Event: 1.229 Thread 0x0000000002c83000 Exception <a 'java/lang/IncompatibleClassChangeError': Found class java.lang.Object, but interface was expected> (0x00000000d790de30) thrown at [C:\re\workspace\8-2-build-windows-amd64-cygwin\jdk8u191\11896\hotspot\src\share\vm\interpreter\linkResolver.cp
Event: 1.233 Thread 0x0000000002c83000 Exception <a 'java/lang/NoSuchMethodError': java.lang.Object.containsTests(Lorg/junit/platform/engine/TestDescriptor;)Z> (0x00000000d791a8d8) thrown at [C:\re\workspace\8-2-build-windows-amd64-cygwin\jdk8u191\11896\hotspot\src\share\vm\interpreter\linkRes
Event: 1.424 Thread 0x0000000002c83000 Exception <a 'java/lang/NoSuchMethodError': java.lang.Object.lambda$and$0(Ljava/util/function/Predicate;Ljava/lang/Object;)Z> (0x00000000d60a4558) thrown at [C:\re\workspace\8-2-build-windows-amd64-cygwin\jdk8u191\11896\hotspot\src\share\vm\interpreter\li

Events (10 events):
Event: 3112.923 Executing VM operation: ChangeBreakpoints done
Event: 3112.923 Executing VM operation: ChangeBreakpoints
Event: 3112.923 Executing VM operation: ChangeBreakpoints done
Event: 3113.045 Executing VM operation: RedefineClasses
Event: 3113.057 Executing VM operation: RedefineClasses done
Event: 3113.228 Executing VM operation: GetOwnedMonitorInfo
Event: 3113.228 Executing VM operation: GetOwnedMonitorInfo done
Event: 3113.228 Executing VM operation: GetCurrentContendedMonitor
Event: 3113.228 Executing VM operation: GetCurrentContendedMonitor done
Event: 3125.224 Executing VM operation: GetOrSetLocal


Dynamic libraries:
0x00007ff7f2110000 - 0x00007ff7f2147000 	C:\Program Files\Java\jre1.8.0_191\bin\javaw.exe
0x00007ffdf9150000 - 0x00007ffdf9331000 	C:\Windows\SYSTEM32\ntdll.dll
0x00007ffdf8110000 - 0x00007ffdf81c2000 	C:\Windows\System32\KERNEL32.DLL
0x00007ffdf56f0000 - 0x00007ffdf5963000 	C:\Windows\System32\KERNELBASE.dll
0x00007ffdf65e0000 - 0x00007ffdf6681000 	C:\Windows\System32\ADVAPI32.dll
0x00007ffdf8c10000 - 0x00007ffdf8cae000 	C:\Windows\System32\msvcrt.dll
0x00007ffdf6a80000 - 0x00007ffdf6adb000 	C:\Windows\System32\sechost.dll
0x00007ffdf6b40000 - 0x00007ffdf6c64000 	C:\Windows\System32\RPCRT4.dll
0x00007ffdf8900000 - 0x00007ffdf8a90000 	C:\Windows\System32\USER32.dll
0x00007ffdf5520000 - 0x00007ffdf5540000 	C:\Windows\System32\win32u.dll
0x00007ffdf67f0000 - 0x00007ffdf6818000 	C:\Windows\System32\GDI32.dll
0x00007ffdf61d0000 - 0x00007ffdf6362000 	C:\Windows\System32\gdi32full.dll
0x00007ffdf5540000 - 0x00007ffdf55df000 	C:\Windows\System32\msvcp_win.dll
0x00007ffdf59c0000 - 0x00007ffdf5aba000 	C:\Windows\System32\ucrtbase.dll
0x00007ffdeb5b0000 - 0x00007ffdeb819000 	C:\Windows\WinSxS\amd64_microsoft.windows.common-controls_6595b64144ccf1df_6.0.17134.345_none_fb429a5930656358\COMCTL32.dll
0x00007ffdf82b0000 - 0x00007ffdf85d3000 	C:\Windows\System32\combase.dll
0x00007ffdf6370000 - 0x00007ffdf63ea000 	C:\Windows\System32\bcryptPrimitives.dll
0x00007ffdf8750000 - 0x00007ffdf877d000 	C:\Windows\System32\IMM32.DLL
0x000000005bd20000 - 0x000000005bdf2000 	C:\Program Files\Java\jre1.8.0_191\bin\msvcr100.dll
0x000000005be00000 - 0x000000005c6a4000 	C:\Program Files\Java\jre1.8.0_191\bin\server\jvm.dll
0x00007ffdf6a70000 - 0x00007ffdf6a78000 	C:\Windows\System32\PSAPI.DLL
0x00007ffdf1990000 - 0x00007ffdf1999000 	C:\Windows\SYSTEM32\WSOCK32.dll
0x00007ffdf36f0000 - 0x00007ffdf3713000 	C:\Windows\SYSTEM32\WINMM.dll
0x00007ffdf81d0000 - 0x00007ffdf823c000 	C:\Windows\System32\WS2_32.dll
0x00007ffdec260000 - 0x00007ffdec26a000 	C:\Windows\SYSTEM32\VERSION.dll
0x00007ffdf3690000 - 0x00007ffdf36ba000 	C:\Windows\SYSTEM32\WINMMBASE.dll
0x00007ffdf5970000 - 0x00007ffdf59b9000 	C:\Windows\System32\cfgmgr32.dll
0x000000005cc00000 - 0x000000005cc0f000 	C:\Program Files\Java\jre1.8.0_191\bin\verify.dll
0x000000005cbd0000 - 0x000000005cbf9000 	C:\Program Files\Java\jre1.8.0_191\bin\java.dll
0x000000005cae0000 - 0x000000005cb15000 	C:\Program Files\Java\jre1.8.0_191\bin\jdwp.dll
0x000000005cad0000 - 0x000000005cad8000 	C:\Program Files\Java\jre1.8.0_191\bin\npt.dll
0x000000005caa0000 - 0x000000005cac3000 	C:\Program Files\Java\jre1.8.0_191\bin\instrument.dll
0x000000005cbb0000 - 0x000000005cbc6000 	C:\Program Files\Java\jre1.8.0_191\bin\zip.dll
0x00007ffdf6cd0000 - 0x00007ffdf810f000 	C:\Windows\System32\SHELL32.dll
0x00007ffdf69c0000 - 0x00007ffdf6a69000 	C:\Windows\System32\shcore.dll
0x00007ffdf5ac0000 - 0x00007ffdf61cd000 	C:\Windows\System32\windows.storage.dll
0x00007ffdf6ae0000 - 0x00007ffdf6b31000 	C:\Windows\System32\shlwapi.dll
0x00007ffdf54e0000 - 0x00007ffdf54f1000 	C:\Windows\System32\kernel.appcore.dll
0x00007ffdf54c0000 - 0x00007ffdf54df000 	C:\Windows\System32\profapi.dll
0x00007ffdf5470000 - 0x00007ffdf54bc000 	C:\Windows\System32\powrprof.dll
0x00007ffdf5460000 - 0x00007ffdf546a000 	C:\Windows\System32\FLTLIB.DLL
0x000000005ca90000 - 0x000000005ca99000 	C:\Program Files\Java\jre1.8.0_191\bin\dt_socket.dll
0x00007ffdee770000 - 0x00007ffdee786000 	C:\Windows\system32\napinsp.dll
0x00007ffdee750000 - 0x00007ffdee76a000 	C:\Windows\system32\pnrpnsp.dll
0x00007ffdf2010000 - 0x00007ffdf2029000 	C:\Windows\system32\NLAapi.dll
0x00007ffdf4ce0000 - 0x00007ffdf4d46000 	C:\Windows\System32\mswsock.dll
0x00007ffdf4aa0000 - 0x00007ffdf4b5e000 	C:\Windows\SYSTEM32\DNSAPI.dll
0x00007ffdf82a0000 - 0x00007ffdf82a8000 	C:\Windows\System32\NSI.dll
0x00007ffdf4a60000 - 0x00007ffdf4a98000 	C:\Windows\SYSTEM32\IPHLPAPI.DLL
0x00007ffdf0320000 - 0x00007ffdf032e000 	C:\Windows\System32\winrnr.dll
0x00007ffdeab90000 - 0x00007ffdeaba5000 	C:\Windows\System32\wshbth.dll
0x00007ffde70a0000 - 0x00007ffde7112000 	C:\Windows\System32\fwpuclnt.dll
0x00007ffdf4fc0000 - 0x00007ffdf4fe5000 	C:\Windows\SYSTEM32\bcrypt.dll
0x00007ffde41f0000 - 0x00007ffde41fa000 	C:\Windows\System32\rasadhlp.dll
0x000000005cb90000 - 0x000000005cbaa000 	C:\Program Files\Java\jre1.8.0_191\bin\net.dll
0x00007ffdf0780000 - 0x00007ffdf0949000 	C:\Windows\SYSTEM32\dbghelp.dll

VM Arguments:
jvm_args: -agentlib:jdwp=transport=dt_socket,suspend=y,address=localhost:57511 -ea -javaagent:C:\Users\scucc\eclipse\java-photon\eclipse\configuration\org.eclipse.osgi\237\0\.cp\lib\javaagent-shaded.jar -Dfile.encoding=Cp1252 
java_command: org.eclipse.jdt.internal.junit.runner.RemoteTestRunner -version 3 -port 57510 -testLoaderClass org.eclipse.jdt.internal.junit5.runner.JUnit5TestLoader -loaderpluginname org.eclipse.jdt.junit5.runtime -classNames game.test.TestMaster
java_class_path (initial): C:\Users\scucc\git\Mastermind\Mastermind\bin;C:\Users\scucc\.p2\pool\plugins\org.junit.jupiter.api_5.1.0.v20180327-1502.jar;C:\Users\scucc\.p2\pool\plugins\org.junit.jupiter.engine_5.1.0.v20180327-1502.jar;C:\Users\scucc\.p2\pool\plugins\org.junit.jupiter.migrationsupport_5.1.0.v20180327-1502.jar;C:\Users\scucc\.p2\pool\plugins\org.junit.jupiter.params_5.1.0.v20180327-1502.jar;C:\Users\scucc\.p2\pool\plugins\org.junit.platform.commons_1.1.0.v20180327-1502.jar;C:\Users\scucc\.p2\pool\plugins\org.junit.platform.engine_1.1.0.v20180327-1502.jar;C:\Users\scucc\.p2\pool\plugins\org.junit.platform.launcher_1.1.0.v20180327-1502.jar;C:\Users\scucc\.p2\pool\plugins\org.junit.platform.runner_1.1.0.v20180327-1502.jar;C:\Users\scucc\.p2\pool\plugins\org.junit.platform.suite.api_1.1.0.v20180327-1502.jar;C:\Users\scucc\.p2\pool\plugins\org.junit.vintage.engine_5.1.0.v20180327-1502.jar;C:\Users\scucc\.p2\pool\plugins\org.opentest4j_1.0.0.v20180327-1502.jar;C:\Users\scucc\.p2\pool\plugins\org.apiguardian_1.0.0.v20180327-1502.jar;C:\Users\scucc\.p2\pool\plugins\org.junit_4.12.0.v201504281640\junit.jar;C:\Users\scucc\.p2\pool\plugins\org.hamcrest.core_1.3.0.v20180420-1519.jar;C:\Users\scucc\eclipse\java-photon\eclipse\configuration\org.eclipse.osgi\236\0\.cp;C:\Users\scucc\eclipse\java-photon\eclipse\configuration\org.eclipse.osgi\234\0\.cp;C:\Users\scucc\eclipse\java-photon\eclipse\configuration\org.eclipse.osgi\237\0\.cp\lib\javaagent-shaded.jar
Launcher Type: SUN_STANDARD

Environment Variables:
PATH=C:/Program Files/Java/jre1.8.0_191/bin/server;C:/Program Files/Java/jre1.8.0_191/bin;C:/Program Files/Java/jre1.8.0_191/lib/amd64;C:\Program Files (x86)\Common Files\Oracle\Java\javapath;C:\Windows\system32;C:\Windows;C:\Windows\System32\Wbem;C:\Windows\System32\WindowsPowerShell\v1.0\;C:\Windows\System32\OpenSSH\;C:\Program Files\Microsoft SQL Server\130\Tools\Binn\;C:\Users\scucc\AppData\Local\Microsoft\WindowsApps;;C:\Users\scucc\eclipse\java-photon\eclipse;
USERNAME=scucc
OS=Windows_NT
PROCESSOR_IDENTIFIER=Intel64 Family 6 Model 61 Stepping 4, GenuineIntel



---------------  S Y S T E M  ---------------

OS: Windows 10.0 , 64 bit Build 17134 (10.0.17134.1)

CPU:total 4 (initial active 4) (2 cores per cpu, 2 threads per core) family 6 model 61 stepping 4, cmov, cx8, fxsr, mmx, sse, sse2, sse3, ssse3, sse4.1, sse4.2, popcnt, avx, avx2, aes, clmul, erms, 3dnowpref, lzcnt, ht, tsc, tscinvbit, bmi1, bmi2, adx

Memory: 4k page, physical 8289072k(4668832k free), swap 9599792k(4992596k free)

vm_info: Java HotSpot(TM) 64-Bit Server VM (25.191-b12) for windows-amd64 JRE (1.8.0_191-b12), built on Oct  6 2018 09:29:03 by "java_re" with MS VC++ 10.0 (VS2010)

time: Mon Nov 12 11:42:04 2018
elapsed time: 3125 seconds (0d 0h 52m 5s)

